0 info it worked if it ends with ok
1 verbose cli [ '/usr/bin/nodejs', '/usr/bin/npm', 'start' ]
2 info using npm@3.10.10
3 info using node@v6.9.4
4 verbose run-script [ 'prestart', 'start', 'poststart' ]
5 info lifecycle monitor@1.0.0~prestart: monitor@1.0.0
6 verbose lifecycle monitor@1.0.0~prestart: unsafe-perm in lifecycle true
7 verbose lifecycle monitor@1.0.0~prestart: PATH: /usr/lib/node_modules/npm/bin/node-gyp-bin:/home/master/Documents/Hapi/hapi-seneca-ts/repl/node_modules/.bin:/usr/local/sbin:/usr/local/bin:/usr/sbin:/usr/bin:/sbin:/bin:/usr/games:/usr/local/games
8 verbose lifecycle monitor@1.0.0~prestart: CWD: /home/master/Documents/Hapi/hapi-seneca-ts/repl
9 silly lifecycle monitor@1.0.0~prestart: Args: [ '-c',
9 silly lifecycle   'tsc && cp -rf node_modules ../dist/repl && npm run copyjson' ]
10 silly lifecycle monitor@1.0.0~prestart: Returned: code: 0  signal: null
11 info lifecycle monitor@1.0.0~start: monitor@1.0.0
12 verbose lifecycle monitor@1.0.0~start: unsafe-perm in lifecycle true
13 verbose lifecycle monitor@1.0.0~start: PATH: /usr/lib/node_modules/npm/bin/node-gyp-bin:/home/master/Documents/Hapi/hapi-seneca-ts/repl/node_modules/.bin:/usr/local/sbin:/usr/local/bin:/usr/sbin:/usr/bin:/sbin:/bin:/usr/games:/usr/local/games
14 verbose lifecycle monitor@1.0.0~start: CWD: /home/master/Documents/Hapi/hapi-seneca-ts/repl
15 silly lifecycle monitor@1.0.0~start: Args: [ '-c', 'node ../dist/repl/repl.js' ]
16 silly lifecycle monitor@1.0.0~start: Returned: code: 2  signal: null
17 info lifecycle monitor@1.0.0~start: Failed to exec start script
18 verbose stack Error: monitor@1.0.0 start: `node ../dist/repl/repl.js`
18 verbose stack Exit status 2
18 verbose stack     at EventEmitter.<anonymous> (/usr/lib/node_modules/npm/lib/utils/lifecycle.js:255:16)
18 verbose stack     at emitTwo (events.js:106:13)
18 verbose stack     at EventEmitter.emit (events.js:191:7)
18 verbose stack     at ChildProcess.<anonymous> (/usr/lib/node_modules/npm/lib/utils/spawn.js:40:14)
18 verbose stack     at emitTwo (events.js:106:13)
18 verbose stack     at ChildProcess.emit (events.js:191:7)
18 verbose stack     at maybeClose (internal/child_process.js:877:16)
18 verbose stack     at Process.ChildProcess._handle.onexit (internal/child_process.js:226:5)
19 verbose pkgid monitor@1.0.0
20 verbose cwd /home/master/Documents/Hapi/hapi-seneca-ts/repl
21 error Linux 4.4.0-87-generic
22 error argv "/usr/bin/nodejs" "/usr/bin/npm" "start"
23 error node v6.9.4
24 error npm  v3.10.10
25 error code ELIFECYCLE
26 error monitor@1.0.0 start: `node ../dist/repl/repl.js`
26 error Exit status 2
27 error Failed at the monitor@1.0.0 start script 'node ../dist/repl/repl.js'.
27 error Make sure you have the latest version of node.js and npm installed.
27 error If you do, this is most likely a problem with the monitor package,
27 error not with npm itself.
27 error Tell the author that this fails on your system:
27 error     node ../dist/repl/repl.js
27 error You can get information on how to open an issue for this project with:
27 error     npm bugs monitor
27 error Or if that isn't available, you can get their info via:
27 error     npm owner ls monitor
27 error There is likely additional logging output above.
28 verbose exit [ 1, true ]
